2023-06-03T12:16:23.481+0100 [INFO ] c.c.s.ServletInitializer:logStarting:51 :: Starting ServletInitializer using Java 17.0.6 with PID 13588 (started by Chace in C:\Users\Chace\wildfly-28.0.0.Final Instances\wildfly-28.0.0.Final-Only-User-Configured\bin)
2023-06-03T12:16:23.484+0100 [INFO ] c.c.s.ServletInitializer:logStartupProfileInfo:632 :: No active profile set, falling back to 1 default profile: "default"
2023-06-03T12:16:26.135+0100 [INFO ] c.c.s.ServletInitializer:logStarted:57 :: Started ServletInitializer in 3.004 seconds (process running for 1066.319)
2023-06-03T12:16:26.140+0100 [INFO ] c.c.s.ServerManagementApplication:createRootApplicationContext:133 :: Root context already created (using as parent).
2023-06-03T12:16:26.185+0100 [INFO ] c.c.s.ServerManagementApplication:logStartupProfileInfo:632 :: No active profile set, falling back to 1 default profile: "default"
2023-06-03T12:16:26.353+0100 [INFO ] c.c.s.ServerManagementApplication:logStarted:57 :: Started ServerManagementApplication in 0.202 seconds (process running for 1066.537)
2023-06-03T12:18:43.090+0100 [INFO ] c.c.s.s.i.ServerServiceImplementation:create:42 :: [SI] creating new server testpostman serv
2023-06-03T12:19:22.187+0100 [INFO ] c.c.s.s.i.ServerServiceImplementation:list:77 :: [SI] fetching all servers 
2023-06-03T12:19:37.199+0100 [INFO ] c.c.s.s.i.ServerServiceImplementation:get:84 :: [SI] fetching server w/ id : 20
2023-06-03T12:19:40.925+0100 [INFO ] c.c.s.s.i.ServerServiceImplementation:get:84 :: [SI] fetching server w/ id : 20
2023-06-03T12:19:49.050+0100 [INFO ] c.c.s.s.i.ServerServiceImplementation:list:77 :: [SI] fetching all servers 
2023-06-03T12:20:35.887+0100 [INFO ] c.c.s.ServerManagementApplication:logStarting:51 :: Starting ServerManagementApplication using Java 17.0.6 with PID 13588 (started by Chace in C:\Users\Chace\wildfly-28.0.0.Final Instances\wildfly-28.0.0.Final-Only-User-Configured\bin)
2023-06-03T12:20:35.889+0100 [INFO ] c.c.s.ServerManagementApplication:logStartupProfileInfo:632 :: No active profile set, falling back to 1 default profile: "default"
2023-06-03T12:20:38.142+0100 [INFO ] c.c.s.ServerManagementApplication:logStarted:57 :: Started ServerManagementApplication in 2.544 seconds (process running for 1318.326)
2023-06-03T12:20:38.145+0100 [INFO ] c.c.s.ServletInitializer:createRootApplicationContext:133 :: Root context already created (using as parent).
2023-06-03T12:20:38.168+0100 [INFO ] c.c.s.ServletInitializer:logStartupProfileInfo:632 :: No active profile set, falling back to 1 default profile: "default"
2023-06-03T12:20:38.293+0100 [INFO ] c.c.s.ServletInitializer:logStarted:57 :: Started ServletInitializer in 0.148 seconds (process running for 1318.478)
2023-06-03T12:20:45.726+0100 [INFO ] c.c.s.s.i.ServerServiceImplementation:list:77 :: [SI] fetching all servers 
2023-06-03T12:20:46.972+0100 [INFO ] c.c.s.s.i.ServerServiceImplementation:list:77 :: [SI] fetching all servers 
2023-06-03T12:20:47.686+0100 [INFO ] c.c.s.s.i.ServerServiceImplementation:list:77 :: [SI] fetching all servers 
2023-06-03T12:20:48.056+0100 [INFO ] c.c.s.s.i.ServerServiceImplementation:list:77 :: [SI] fetching all servers 
2023-06-03T12:20:48.249+0100 [INFO ] c.c.s.s.i.ServerServiceImplementation:list:77 :: [SI] fetching all servers 
2023-06-03T12:20:48.406+0100 [INFO ] c.c.s.s.i.ServerServiceImplementation:list:77 :: [SI] fetching all servers 
2023-06-03T12:21:11.432+0100 [INFO ] c.c.s.s.i.ServerServiceImplementation:create:42 :: [SI] creating new server testpostman serv 2
2023-06-03T12:21:16.131+0100 [INFO ] c.c.s.s.i.ServerServiceImplementation:list:77 :: [SI] fetching all servers 
2023-06-03T12:21:38.890+0100 [INFO ] c.c.s.s.i.ServerServiceImplementation:list:77 :: [SI] fetching all servers 
2023-06-03T12:21:39.320+0100 [INFO ] c.c.s.s.i.ServerServiceImplementation:list:77 :: [SI] fetching all servers 
